2022-05-18 19:20:44: Using pytorch 1.11.0 (['/opt/conda/lib/python3.8/site-packages/torch'])
2022-05-18 19:20:44: Start training with args:
{
    "backend": "nccl",
    "batch_size": 64,
    "clip_length": 8,
    "dataset": "Kinetics",
    "debug_mode": true,
    "dist_url": "tcp://HOSTNAME:23455",
    "distributed": false,
    "end_epoch": 10000,
    "fine_tune": false,
    "gpus": "0,1,2,3,4,5,6,7",
    "log_file": ".GloRe.log",
    "lr_base": 0.05,
    "lr_factor": 0.1,
    "lr_steps": [
        10800000,
        15600000,
        20400000
    ],
    "model_dir": "./exps/models",
    "model_prefix": "./exps/models/GloRe",
    "network": "RESNET50_3D_GCN_X5",
    "precise_bn": true,
    "pretrained": true,
    "random_seed": 1,
    "resume_epoch": -1,
    "save_frequency": 1,
    "task_name": "GloRe",
    "train_frame_interval": 8,
    "val_frame_interval": 8,
    "world_size": 1
}
2022-05-18 19:20:44: Target dataset: 'KINETICS', configs: {'num_classes': 400}
2022-05-18 19:20:44: Initializer:: 'GloRe_Unit' is uninitialized.
2022-05-18 19:20:44: Initializer:: 'GloRe_Unit' is uninitialized.
2022-05-18 19:20:44: Initializer:: 'GloRe_Unit' is uninitialized.
2022-05-18 19:20:44: Initializer:: 'GloRe_Unit' is uninitialized.
2022-05-18 19:20:44: Initializer:: 'GloRe_Unit' is uninitialized.
2022-05-18 19:20:44: Initializer:: 'Dropout' is uninitialized.
2022-05-18 19:20:44: Network:: symbol initialized, use pretrained model: `/workspace/home/whyjs/semseg/GloRe/network/pretrained/resnet50-lite.pth'
Traceback (most recent call last):
  File "train_kinetics.py", line 151, in <module>
    net, input_conf = get_symbol(name=args.network,
  File "/workspace/home/whyjs/semseg/GloRe/network/symbol_builder.py", line 16, in get_symbol
    net = RESNET50_3D_GCN_X5(**kwargs)
  File "/workspace/home/whyjs/semseg/GloRe/network/resnet50_3d_gcn_x5.py", line 176, in __init__
    assert os.path.exists(pretrained_model), "cannot locate: `{}'".format(pretrained_model)
AssertionError: cannot locate: `/workspace/home/whyjs/semseg/GloRe/network/pretrained/resnet50-lite.pth'
