2022-06-05 11:33:39: Using pytorch 1.11.0 (['/opt/conda/lib/python3.8/site-packages/torch'])
2022-06-05 11:33:39: Start training with args:
{
    "backend": "nccl",
    "batch_size": 64,
    "clip_length": 8,
    "dataset": "Kinetics",
    "debug_mode": true,
    "dist_url": "tcp://HOSTNAME:23455",
    "distributed": false,
    "end_epoch": 10000,
    "fine_tune": false,
    "gpus": "0,1,2,3,4,5,6,7",
    "log_file": ".GloRe.log",
    "lr_base": 0.05,
    "lr_factor": 0.1,
    "lr_steps": [
        10800000,
        15600000,
        20400000
    ],
    "model_dir": "./exps/models",
    "model_prefix": "./exps/models/GloRe",
    "network": "RESNET50_3D_GCN_X5",
    "precise_bn": true,
    "pretrained": true,
    "pretrained_name": "resnet50-lite_3d_8x8_w-glore_2-3_ep-0000.pth",
    "random_seed": 1,
    "resume_epoch": -1,
    "save_frequency": 1,
    "task_name": "GloRe",
    "train_frame_interval": 8,
    "val_frame_interval": 8,
    "world_size": 1
}
2022-06-05 11:33:39: Target dataset: 'KINETICS', configs: {'num_classes': 400}
2022-06-05 11:33:40: Initializer:: 'GloRe_Unit' is uninitialized.
2022-06-05 11:33:40: Initializer:: 'GloRe_Unit' is uninitialized.
2022-06-05 11:33:40: Initializer:: 'GloRe_Unit' is uninitialized.
2022-06-05 11:33:40: Initializer:: 'GloRe_Unit' is uninitialized.
2022-06-05 11:33:40: Initializer:: 'GloRe_Unit' is uninitialized.
2022-06-05 11:33:40: Initializer:: 'Dropout' is uninitialized.
2022-06-05 11:33:40: Network:: symbol initialized, use pretrained model: `/workspace/home/whyjs/semseg/GloRe/network/pretrained/resnet50-lite_3d_8x8_w-glore_2-3_ep-0000.pth'
2022-06-05 11:33:51: Initializer:: loading from 2D neural network, filling method: `inflation' ...
2022-06-05 11:33:51: Initializer:: >> 3 params are unused: ['epoch', 'state_dict', 'optimizer']
2022-06-05 11:33:51: Initializer:: >> failed to load: 
[
    "conv1.conv.weight",
    "conv1.bn.weight",
    "conv1.bn.bias",
    "conv1.bn.running_mean",
    "conv1.bn.running_var",
    "conv1.bn.num_batches_tracked",
    "conv2.B01.conv_m1.bn.weight",
    "conv2.B01.conv_m1.bn.bias",
    "conv2.B01.conv_m1.bn.running_mean",
    "conv2.B01.conv_m1.bn.running_var",
    "conv2.B01.conv_m1.bn.num_batches_tracked",
    "conv2.B01.conv_m1.conv.weight",
    "conv2.B01.conv_m2.bn.weight",
    "conv2.B01.conv_m2.bn.bias",
    "conv2.B01.conv_m2.bn.running_mean",
    "conv2.B01.conv_m2.bn.running_var",
    "conv2.B01.conv_m2.bn.num_batches_tracked",
    "conv2.B01.conv_m2.conv.weight",
    "conv2.B01.conv_m3.bn.weight",
    "conv2.B01.conv_m3.bn.bias",
    "conv2.B01.conv_m3.bn.running_mean",
    "conv2.B01.conv_m3.bn.running_var",
    "conv2.B01.conv_m3.bn.num_batches_tracked",
    "conv2.B01.conv_m3.conv.weight",
    "conv2.B01.conv_w1.bn.weight",
    "conv2.B01.conv_w1.bn.bias",
    "conv2.B01.conv_w1.bn.running_mean",
    "conv2.B01.conv_w1.bn.running_var",
    "conv2.B01.conv_w1.bn.num_batches_tracked",
    "conv2.B01.conv_w1.conv.weight",
    "conv2.B02.conv_m1.bn.weight",
    "conv2.B02.conv_m1.bn.bias",
    "conv2.B02.conv_m1.bn.running_mean",
    "conv2.B02.conv_m1.bn.running_var",
    "conv2.B02.conv_m1.bn.num_batches_tracked",
    "conv2.B02.conv_m1.conv.weight",
    "conv2.B02.conv_m2.bn.weight",
    "conv2.B02.conv_m2.bn.bias",
    "conv2.B02.conv_m2.bn.running_mean",
    "conv2.B02.conv_m2.bn.running_var",
    "conv2.B02.conv_m2.bn.num_batches_tracked",
    "conv2.B02.conv_m2.conv.weight",
    "conv2.B02.conv_m3.bn.weight",
    "conv2.B02.conv_m3.bn.bias",
    "conv2.B02.conv_m3.bn.running_mean",
    "conv2.B02.conv_m3.bn.running_var",
    "conv2.B02.conv_m3.bn.num_batches_tracked",
    "conv2.B02.conv_m3.conv.weight",
    "conv2.B03.conv_m1.bn.weight",
    "conv2.B03.conv_m1.bn.bias",
    "conv2.B03.conv_m1.bn.running_mean",
    "conv2.B03.conv_m1.bn.running_var",
    "conv2.B03.conv_m1.bn.num_batches_tracked",
    "conv2.B03.conv_m1.conv.weight",
    "conv2.B03.conv_m2.bn.weight",
    "conv2.B03.conv_m2.bn.bias",
    "conv2.B03.conv_m2.bn.running_mean",
    "conv2.B03.conv_m2.bn.running_var",
    "conv2.B03.conv_m2.bn.num_batches_tracked",
    "conv2.B03.conv_m2.conv.weight",
    "conv2.B03.conv_m3.bn.weight",
    "conv2.B03.conv_m3.bn.bias",
    "conv2.B03.conv_m3.bn.running_mean",
    "conv2.B03.conv_m3.bn.running_var",
    "conv2.B03.conv_m3.bn.num_batches_tracked",
    "conv2.B03.conv_m3.conv.weight",
    "conv3.B01.conv_m1.bn.weight",
    "conv3.B01.conv_m1.bn.bias",
    "conv3.B01.conv_m1.bn.running_mean",
    "conv3.B01.conv_m1.bn.running_var",
    "conv3.B01.conv_m1.bn.num_batches_tracked",
    "conv3.B01.conv_m1.conv.weight",
    "conv3.B01.conv_m2.bn.weight",
    "conv3.B01.conv_m2.bn.bias",
    "conv3.B01.conv_m2.bn.running_mean",
    "conv3.B01.conv_m2.bn.running_var",
    "conv3.B01.conv_m2.bn.num_batches_tracked",
    "conv3.B01.conv_m2.conv.weight",
    "conv3.B01.conv_m3.bn.weight",
    "conv3.B01.conv_m3.bn.bias",
    "conv3.B01.conv_m3.bn.running_mean",
    "conv3.B01.conv_m3.bn.running_var",
    "conv3.B01.conv_m3.bn.num_batches_tracked",
    "conv3.B01.conv_m3.conv.weight",
    "conv3.B01.conv_w1.bn.weight",
    "conv3.B01.conv_w1.bn.bias",
    "conv3.B01.conv_w1.bn.running_mean",
    "conv3.B01.conv_w1.bn.running_var",
    "conv3.B01.conv_w1.bn.num_batches_tracked",
    "conv3.B01.conv_w1.conv.weight",
    "conv3.B01_extra.conv_state.weight",
    "conv3.B01_extra.conv_state.bias",
    "conv3.B01_extra.conv_proj.weight",
    "conv3.B01_extra.conv_proj.bias",
    "conv3.B01_extra.gcn.conv1.weight",
    "conv3.B01_extra.gcn.conv1.bias",
    "conv3.B01_extra.gcn.conv2.weight",
    "conv3.B01_extra.conv_extend.weight",
    "conv3.B01_extra.blocker.weight",
    "conv3.B01_extra.blocker.bias",
    "conv3.B01_extra.blocker.running_mean",
    "conv3.B01_extra.blocker.running_var",
    "conv3.B01_extra.blocker.num_batches_tracked",
    "conv3.B02.conv_m1.bn.weight",
    "conv3.B02.conv_m1.bn.bias",
    "conv3.B02.conv_m1.bn.running_mean",
    "conv3.B02.conv_m1.bn.running_var",
    "conv3.B02.conv_m1.bn.num_batches_tracked",
    "conv3.B02.conv_m1.conv.weight",
    "conv3.B02.conv_m2.bn.weight",
    "conv3.B02.conv_m2.bn.bias",
    "conv3.B02.conv_m2.bn.running_mean",
    "conv3.B02.conv_m2.bn.running_var",
    "conv3.B02.conv_m2.bn.num_batches_tracked",
    "conv3.B02.conv_m2.conv.weight",
    "conv3.B02.conv_m3.bn.weight",
    "conv3.B02.conv_m3.bn.bias",
    "conv3.B02.conv_m3.bn.running_mean",
    "conv3.B02.conv_m3.bn.running_var",
    "conv3.B02.conv_m3.bn.num_batches_tracked",
    "conv3.B02.conv_m3.conv.weight",
    "conv3.B03.conv_m1.bn.weight",
    "conv3.B03.conv_m1.bn.bias",
    "conv3.B03.conv_m1.bn.running_mean",
    "conv3.B03.conv_m1.bn.running_var",
    "conv3.B03.conv_m1.bn.num_batches_tracked",
    "conv3.B03.conv_m1.conv.weight",
    "conv3.B03.conv_m2.bn.weight",
    "conv3.B03.conv_m2.bn.bias",
    "conv3.B03.conv_m2.bn.running_mean",
    "conv3.B03.conv_m2.bn.running_var",
    "conv3.B03.conv_m2.bn.num_batches_tracked",
    "conv3.B03.conv_m2.conv.weight",
    "conv3.B03.conv_m3.bn.weight",
    "conv3.B03.conv_m3.bn.bias",
    "conv3.B03.conv_m3.bn.running_mean",
    "conv3.B03.conv_m3.bn.running_var",
    "conv3.B03.conv_m3.bn.num_batches_tracked",
    "conv3.B03.conv_m3.conv.weight",
    "conv3.B03_extra.conv_state.weight",
    "conv3.B03_extra.conv_state.bias",
    "conv3.B03_extra.conv_proj.weight",
    "conv3.B03_extra.conv_proj.bias",
    "conv3.B03_extra.gcn.conv1.weight",
    "conv3.B03_extra.gcn.conv1.bias",
    "conv3.B03_extra.gcn.conv2.weight",
    "conv3.B03_extra.conv_extend.weight",
    "conv3.B03_extra.blocker.weight",
    "conv3.B03_extra.blocker.bias",
    "conv3.B03_extra.blocker.running_mean",
    "conv3.B03_extra.blocker.running_var",
    "conv3.B03_extra.blocker.num_batches_tracked",
    "conv3.B04.conv_m1.bn.weight",
    "conv3.B04.conv_m1.bn.bias",
    "conv3.B04.conv_m1.bn.running_mean",
    "conv3.B04.conv_m1.bn.running_var",
    "conv3.B04.conv_m1.bn.num_batches_tracked",
    "conv3.B04.conv_m1.conv.weight",
    "conv3.B04.conv_m2.bn.weight",
    "conv3.B04.conv_m2.bn.bias",
    "conv3.B04.conv_m2.bn.running_mean",
    "conv3.B04.conv_m2.bn.running_var",
    "conv3.B04.conv_m2.bn.num_batches_tracked",
    "conv3.B04.conv_m2.conv.weight",
    "conv3.B04.conv_m3.bn.weight",
    "conv3.B04.conv_m3.bn.bias",
    "conv3.B04.conv_m3.bn.running_mean",
    "conv3.B04.conv_m3.bn.running_var",
    "conv3.B04.conv_m3.bn.num_batches_tracked",
    "conv3.B04.conv_m3.conv.weight",
    "conv4.B01.conv_m1.bn.weight",
    "conv4.B01.conv_m1.bn.bias",
    "conv4.B01.conv_m1.bn.running_mean",
    "conv4.B01.conv_m1.bn.running_var",
    "conv4.B01.conv_m1.bn.num_batches_tracked",
    "conv4.B01.conv_m1.conv.weight",
    "conv4.B01.conv_m2.bn.weight",
    "conv4.B01.conv_m2.bn.bias",
    "conv4.B01.conv_m2.bn.running_mean",
    "conv4.B01.conv_m2.bn.running_var",
    "conv4.B01.conv_m2.bn.num_batches_tracked",
    "conv4.B01.conv_m2.conv.weight",
    "conv4.B01.conv_m3.bn.weight",
    "conv4.B01.conv_m3.bn.bias",
    "conv4.B01.conv_m3.bn.running_mean",
    "conv4.B01.conv_m3.bn.running_var",
    "conv4.B01.conv_m3.bn.num_batches_tracked",
    "conv4.B01.conv_m3.conv.weight",
    "conv4.B01.conv_w1.bn.weight",
    "conv4.B01.conv_w1.bn.bias",
    "conv4.B01.conv_w1.bn.running_mean",
    "conv4.B01.conv_w1.bn.running_var",
    "conv4.B01.conv_w1.bn.num_batches_tracked",
    "conv4.B01.conv_w1.conv.weight",
    "conv4.B01_extra.conv_state.weight",
    "conv4.B01_extra.conv_state.bias",
    "conv4.B01_extra.conv_proj.weight",
    "conv4.B01_extra.conv_proj.bias",
    "conv4.B01_extra.gcn.conv1.weight",
    "conv4.B01_extra.gcn.conv1.bias",
    "conv4.B01_extra.gcn.conv2.weight",
    "conv4.B01_extra.conv_extend.weight",
    "conv4.B01_extra.blocker.weight",
    "conv4.B01_extra.blocker.bias",
    "conv4.B01_extra.blocker.running_mean",
    "conv4.B01_extra.blocker.running_var",
    "conv4.B01_extra.blocker.num_batches_tracked",
    "conv4.B02.conv_m1.bn.weight",
    "conv4.B02.conv_m1.bn.bias",
    "conv4.B02.conv_m1.bn.running_mean",
    "conv4.B02.conv_m1.bn.running_var",
    "conv4.B02.conv_m1.bn.num_batches_tracked",
    "conv4.B02.conv_m1.conv.weight",
    "conv4.B02.conv_m2.bn.weight",
    "conv4.B02.conv_m2.bn.bias",
    "conv4.B02.conv_m2.bn.running_mean",
    "conv4.B02.conv_m2.bn.running_var",
    "conv4.B02.conv_m2.bn.num_batches_tracked",
    "conv4.B02.conv_m2.conv.weight",
    "conv4.B02.conv_m3.bn.weight",
    "conv4.B02.conv_m3.bn.bias",
    "conv4.B02.conv_m3.bn.running_mean",
    "conv4.B02.conv_m3.bn.running_var",
    "conv4.B02.conv_m3.bn.num_batches_tracked",
    "conv4.B02.conv_m3.conv.weight",
    "conv4.B03.conv_m1.bn.weight",
    "conv4.B03.conv_m1.bn.bias",
    "conv4.B03.conv_m1.bn.running_mean",
    "conv4.B03.conv_m1.bn.running_var",
    "conv4.B03.conv_m1.bn.num_batches_tracked",
    "conv4.B03.conv_m1.conv.weight",
    "conv4.B03.conv_m2.bn.weight",
    "conv4.B03.conv_m2.bn.bias",
    "conv4.B03.conv_m2.bn.running_mean",
    "conv4.B03.conv_m2.bn.running_var",
    "conv4.B03.conv_m2.bn.num_batches_tracked",
    "conv4.B03.conv_m2.conv.weight",
    "conv4.B03.conv_m3.bn.weight",
    "conv4.B03.conv_m3.bn.bias",
    "conv4.B03.conv_m3.bn.running_mean",
    "conv4.B03.conv_m3.bn.running_var",
    "conv4.B03.conv_m3.bn.num_batches_tracked",
    "conv4.B03.conv_m3.conv.weight",
    "conv4.B03_extra.conv_state.weight",
    "conv4.B03_extra.conv_state.bias",
    "conv4.B03_extra.conv_proj.weight",
    "conv4.B03_extra.conv_proj.bias",
    "conv4.B03_extra.gcn.conv1.weight",
    "conv4.B03_extra.gcn.conv1.bias",
    "conv4.B03_extra.gcn.conv2.weight",
    "conv4.B03_extra.conv_extend.weight",
    "conv4.B03_extra.blocker.weight",
    "conv4.B03_extra.blocker.bias",
    "conv4.B03_extra.blocker.running_mean",
    "conv4.B03_extra.blocker.running_var",
    "conv4.B03_extra.blocker.num_batches_tracked",
    "conv4.B04.conv_m1.bn.weight",
    "conv4.B04.conv_m1.bn.bias",
    "conv4.B04.conv_m1.bn.running_mean",
    "conv4.B04.conv_m1.bn.running_var",
    "conv4.B04.conv_m1.bn.num_batches_tracked",
    "conv4.B04.conv_m1.conv.weight",
    "conv4.B04.conv_m2.bn.weight",
    "conv4.B04.conv_m2.bn.bias",
    "conv4.B04.conv_m2.bn.running_mean",
    "conv4.B04.conv_m2.bn.running_var",
    "conv4.B04.conv_m2.bn.num_batches_tracked",
    "conv4.B04.conv_m2.conv.weight",
    "conv4.B04.conv_m3.bn.weight",
    "conv4.B04.conv_m3.bn.bias",
    "conv4.B04.conv_m3.bn.running_mean",
    "conv4.B04.conv_m3.bn.running_var",
    "conv4.B04.conv_m3.bn.num_batches_tracked",
    "conv4.B04.conv_m3.conv.weight",
    "conv4.B05.conv_m1.bn.weight",
    "conv4.B05.conv_m1.bn.bias",
    "conv4.B05.conv_m1.bn.running_mean",
    "conv4.B05.conv_m1.bn.running_var",
    "conv4.B05.conv_m1.bn.num_batches_tracked",
    "conv4.B05.conv_m1.conv.weight",
    "conv4.B05.conv_m2.bn.weight",
    "conv4.B05.conv_m2.bn.bias",
    "conv4.B05.conv_m2.bn.running_mean",
    "conv4.B05.conv_m2.bn.running_var",
    "conv4.B05.conv_m2.bn.num_batches_tracked",
    "conv4.B05.conv_m2.conv.weight",
    "conv4.B05.conv_m3.bn.weight",
    "conv4.B05.conv_m3.bn.bias",
    "conv4.B05.conv_m3.bn.running_mean",
    "conv4.B05.conv_m3.bn.running_var",
    "conv4.B05.conv_m3.bn.num_batches_tracked",
    "conv4.B05.conv_m3.conv.weight",
    "conv4.B05_extra.conv_state.weight",
    "conv4.B05_extra.conv_state.bias",
    "conv4.B05_extra.conv_proj.weight",
    "conv4.B05_extra.conv_proj.bias",
    "conv4.B05_extra.gcn.conv1.weight",
    "conv4.B05_extra.gcn.conv1.bias",
    "conv4.B05_extra.gcn.conv2.weight",
    "conv4.B05_extra.conv_extend.weight",
    "conv4.B05_extra.blocker.weight",
    "conv4.B05_extra.blocker.bias",
    "conv4.B05_extra.blocker.running_mean",
    "conv4.B05_extra.blocker.running_var",
    "conv4.B05_extra.blocker.num_batches_tracked",
    "conv4.B06.conv_m1.bn.weight",
    "conv4.B06.conv_m1.bn.bias",
    "conv4.B06.conv_m1.bn.running_mean",
    "conv4.B06.conv_m1.bn.running_var",
    "conv4.B06.conv_m1.bn.num_batches_tracked",
    "conv4.B06.conv_m1.conv.weight",
    "conv4.B06.conv_m2.bn.weight",
    "conv4.B06.conv_m2.bn.bias",
    "conv4.B06.conv_m2.bn.running_mean",
    "conv4.B06.conv_m2.bn.running_var",
    "conv4.B06.conv_m2.bn.num_batches_tracked",
    "conv4.B06.conv_m2.conv.weight",
    "conv4.B06.conv_m3.bn.weight",
    "conv4.B06.conv_m3.bn.bias",
    "conv4.B06.conv_m3.bn.running_mean",
    "conv4.B06.conv_m3.bn.running_var",
    "conv4.B06.conv_m3.bn.num_batches_tracked",
    "conv4.B06.conv_m3.conv.weight",
    "conv5.B01.conv_m1.bn.weight",
    "conv5.B01.conv_m1.bn.bias",
    "conv5.B01.conv_m1.bn.running_mean",
    "conv5.B01.conv_m1.bn.running_var",
    "conv5.B01.conv_m1.bn.num_batches_tracked",
    "conv5.B01.conv_m1.conv.weight",
    "conv5.B01.conv_m2.bn.weight",
    "conv5.B01.conv_m2.bn.bias",
    "conv5.B01.conv_m2.bn.running_mean",
    "conv5.B01.conv_m2.bn.running_var",
    "conv5.B01.conv_m2.bn.num_batches_tracked",
    "conv5.B01.conv_m2.conv.weight",
    "conv5.B01.conv_m3.bn.weight",
    "conv5.B01.conv_m3.bn.bias",
    "conv5.B01.conv_m3.bn.running_mean",
    "conv5.B01.conv_m3.bn.running_var",
    "conv5.B01.conv_m3.bn.num_batches_tracked",
    "conv5.B01.conv_m3.conv.weight",
    "conv5.B01.conv_w1.bn.weight",
    "conv5.B01.conv_w1.bn.bias",
    "conv5.B01.conv_w1.bn.running_mean",
    "conv5.B01.conv_w1.bn.running_var",
    "conv5.B01.conv_w1.bn.num_batches_tracked",
    "conv5.B01.conv_w1.conv.weight",
    "conv5.B02.conv_m1.bn.weight",
    "conv5.B02.conv_m1.bn.bias",
    "conv5.B02.conv_m1.bn.running_mean",
    "conv5.B02.conv_m1.bn.running_var",
    "conv5.B02.conv_m1.bn.num_batches_tracked",
    "conv5.B02.conv_m1.conv.weight",
    "conv5.B02.conv_m2.bn.weight",
    "conv5.B02.conv_m2.bn.bias",
    "conv5.B02.conv_m2.bn.running_mean",
    "conv5.B02.conv_m2.bn.running_var",
    "conv5.B02.conv_m2.bn.num_batches_tracked",
    "conv5.B02.conv_m2.conv.weight",
    "conv5.B02.conv_m3.bn.weight",
    "conv5.B02.conv_m3.bn.bias",
    "conv5.B02.conv_m3.bn.running_mean",
    "conv5.B02.conv_m3.bn.running_var",
    "conv5.B02.conv_m3.bn.num_batches_tracked",
    "conv5.B02.conv_m3.conv.weight",
    "conv5.B03.conv_m1.bn.weight",
    "conv5.B03.conv_m1.bn.bias",
    "conv5.B03.conv_m1.bn.running_mean",
    "conv5.B03.conv_m1.bn.running_var",
    "conv5.B03.conv_m1.bn.num_batches_tracked",
    "conv5.B03.conv_m1.conv.weight",
    "conv5.B03.conv_m2.bn.weight",
    "conv5.B03.conv_m2.bn.bias",
    "conv5.B03.conv_m2.bn.running_mean",
    "conv5.B03.conv_m2.bn.running_var",
    "conv5.B03.conv_m2.bn.num_batches_tracked",
    "conv5.B03.conv_m2.conv.weight",
    "conv5.B03.conv_m3.bn.weight",
    "conv5.B03.conv_m3.bn.bias",
    "conv5.B03.conv_m3.bn.running_mean",
    "conv5.B03.conv_m3.bn.running_var",
    "conv5.B03.conv_m3.bn.num_batches_tracked",
    "conv5.B03.conv_m3.conv.weight",
    "tail.bn.weight",
    "tail.bn.bias",
    "tail.bn.running_mean",
    "tail.bn.running_var",
    "tail.bn.num_batches_tracked",
    "classifier.weight",
    "classifier.bias"
]
2022-06-05 11:33:51: Network:: change params of the following layer be zeros: ['conv3.B01_extra.blocker.weight', 'conv3.B03_extra.blocker.weight', 'conv4.B01_extra.blocker.weight', 'conv4.B03_extra.blocker.weight', 'conv4.B05_extra.blocker.weight']
2022-06-05 11:33:51: loading network configs of: RESNET50_3D_GCN_X5
2022-06-05 11:33:51: Preprocessing:: using MXNet default mean & std.
2022-06-05 11:33:51: data:: {'mean': [0.48627450980392156, 0.4588235294117647, 0.40784313725490196], 'std': [0.23482446870963955, 0.23482446870963955, 0.23482446870963955]}
2022-06-05 11:33:51: VideoIter:: clip_length = 8, interval = [train: 8, val: 8], seed = 101
/workspace/home/whyjs/semseg/GloRe/network/pretrained/resnet50-lite_3d_8x8_w-glore_2-3_ep-0000.pth
Traceback (most recent call last):
  File "train_kinetics.py", line 165, in <module>
    train_model(sym_net=net, **kwargs)
  File "/workspace/home/whyjs/semseg/GloRe/train_model.py", line 35, in train_model
    train_iter, eval_iter = iterator_factory.creat(name=dataset,
  File "/workspace/home/whyjs/semseg/GloRe/data/iterator_factory.py", line 77, in creat
    train, val = get_kinetics(**kwargs)
  File "/workspace/home/whyjs/semseg/GloRe/data/iterator_factory.py", line 34, in get_kinetics
    train = VideoIter(video_prefix=os.path.join(data_root, 'raw', 'data', 'train_avi-288p'),
  File "/workspace/home/whyjs/semseg/GloRe/data/video_iterator.py", line 121, in __init__
    video_raw_list = self._get_video_list(video_prefix=video_prefix,
  File "/workspace/home/whyjs/semseg/GloRe/data/video_iterator.py", line 218, in _get_video_list
    assert os.path.exists(video_prefix), "VideoIter:: failed to locate: `{}'".format(video_prefix)
AssertionError: VideoIter:: failed to locate: `./dataset/Kinetics/raw/data/train_avi-288p'
